[2026-03-26 15:53:15] 現在: 69問 → 目標: 5000問 → 残り: 4931問
[2026-03-26 15:53:15] 
============================================================
[2026-03-26 15:53:15] バッチ 1: 200問生成 (現在69問 / 目標5000問)
[2026-03-26 15:53:15] ============================================================
[2026-03-26 15:53:15] 生成開始: 200問
[2026-03-26 16:06:13] 現在: 69問 → 目標: 5000問 → 残り: 4931問
[2026-03-26 16:06:13] 
============================================================
[2026-03-26 16:06:13] バッチ 1: 200問生成 (現在69問 / 目標5000問)
[2026-03-26 16:06:13] ============================================================
[2026-03-26 16:06:13] 生成開始: 200問
[2026-03-26 16:20:27] 生成完了
[2026-03-26 16:20:27] 品質チェック開始...
[2026-03-26 16:33:33] FAILした問題を除外中...
[2026-03-26 16:33:33]   57問を除外（143問残り）
[2026-03-26 16:33:33] add_words.py 実行中...
[2026-03-26 16:36:20] add_words.py 完了
[2026-03-26 16:36:20] バッチ 1 完了: 69 → 212 問
[2026-03-26 16:36:25] 
============================================================
[2026-03-26 16:36:25] バッチ 2: 200問生成 (現在212問 / 目標5000問)
[2026-03-26 16:36:25] ============================================================
[2026-03-26 16:36:25] 生成開始: 200問
[2026-03-26 16:50:09] 生成完了
[2026-03-26 16:50:09] 品質チェック開始...
[2026-03-26 17:05:03] FAILした問題を除外中...
[2026-03-26 17:05:03]   36問を除外（164問残り）
[2026-03-26 17:05:03] add_words.py 実行中...
