Reposted: 2026968945899852012 (likes=23)
  発音矯正は独学では限界があります。自分の間違いに気づけないからです。シャドーイングで練習した後、コーチにフィードバックをもらう。この「フィードバック→修正→繰り
  Result: {'data': {'retweeted': True, 'rest_id': '2037027524077830649'}}
Reposted: 2023706490650177658 (likes=21)
  TOEICで800点あるのに英語が話せない人は多い。原因はテストと会話で使う脳の回路が違うから。TOEICは「正解を選ぶ力」、会話は「ゼロから文を組み立てる力」
  Result: {'data': {'retweeted': True, 'rest_id': '2037139256871968933'}}
Reposted: 2029852234788298818 (likes=355)
  英語を話すとき「日本語→英語」に変換してる人は永遠に遅い。英語話せる人はもちろん変換してない。イメージから直接英語を出している。この回路を作るには英語で独り言が
  Result: {'data': {'retweeted': True, 'rest_id': '2037338066948657374'}}
Reposted: 2028055145351618845 (likes=86)
  単語帳を1日で100個覚えようとする人がいるけど、記憶は回数じゃなく日数で定着する。脳は1回の長時間より、短時間を何日もかけた方を「重要な情報」と判断する。1日
  Result: {'data': {'retweeted': True, 'rest_id': '2037389906738307235'}}
Reposted: 2032215059783356437 (likes=35)
  リスニングが苦手な人は「全部聞き取ろう」としがち。でも実は全部聞く必要ないのかも。文脈から次の単語を予測しながら聞いている。つまりリスニング力の正体は「聴力」じ
  Result: {'data': {'retweeted': True, 'rest_id': '2037501645626765691'}}
Reposted: 2026054461001732250 (likes=121)
  「英語耳を鍛えないと聞き取れない」は誤解。ネイティブだって全音は聞いてない。強く発音された単語だけ拾えば意味はつながる。弱い音が聞こえないのは耳が悪いんじゃなく
  Result: {'data': {'retweeted': True, 'rest_id': '2037700454864638414'}}
Reposted: 2028236338667876728 (likes=43)
  発音が悪いから通じないと思いがち。でも伝わらない原因の多くは発音じゃなくリズム。ネイティブはRとLの違いより文全体の強弱パターンで意味を掴んでいる。まず内容語を
  Result: {'data': {'retweeted': True, 'rest_id': '2037752294524236145'}}
Reposted: 2036022656491753619 (likes=72)
  英語学習が続かない人の9割は「やる気」じゃなく「量」を間違えてる。毎日2時間やろうとして3日で折れるのがその証拠。正しいのは毎日15分を絶対に欠かさないこと。脳
  Result: {'data': {'retweeted': True, 'rest_id': '2037864033777541210'}}
Reposted: 2035845660377850132 (likes=40)
  リスニング教材をゆっくり再生してる人、今すぐやめてください。遅い音声に耳が慣れると、実際の会話スピードで脳が処理できなくなる。ネイティブの平均発話速度は1分あた
  Result: {'data': {'retweeted': True, 'rest_id': '2038062842059149603'}}
